<?xml version="1.0" encoding="UTF-8"?>
<!-- Generated by org.testng.reporters.JUnitXMLReporter -->
<testsuite hostname="ADMINRG-5TR1J4C" ignored="4" name="Test" tests="5" failures="0" timestamp="08 Jan 2019 12:24:53 GMT" time="25.557" errors="0">
  <testcase name="Login_invalid" time="0.868" classname="com.altius.automation.TestAutomation"/>
  <testcase name="Login_valid" time="1.9" classname="com.altius.automation.TestAutomation"/>
  <testcase name="Crminfo_Add" time="13.295" classname="com.altius.automation.TestAutomation"/>
  <testcase name="Crminfo_Add_meal" time="1.429" classname="com.altius.automation.TestAutomation"/>
  <testcase name="individual_enrollment" time="1.322" classname="com.altius.automation.TestAutomation"/>
  <testcase name="New_view_control" time="0.0" classname="com.altius.automation.TestAutomation">
    <ignored/>
  </testcase> <!-- New_view_control -->
  <testcase name="New_view_control_view" time="0.0" classname="com.altius.automation.TestAutomation">
    <ignored/>
  </testcase> <!-- New_view_control_view -->
  <testcase name="boundary_valus" time="0.0" classname="com.altius.automation.TestAutomation">
    <ignored/>
  </testcase> <!-- boundary_valus -->
  <testcase name="view_control" time="0.0" classname="com.altius.automation.TestAutomation">
    <ignored/>
  </testcase> <!-- view_control -->
</testsuite> <!-- Test -->
