<?xml version="1.0" encoding="UTF-8"?>
<testsuite xmlns:xsi="http://www.w3.org/2001/XMLSchema-instance" xsi:noNamespaceSchemaLocation="https://maven.apache.org/surefire/maven-surefire-plugin/xsd/surefire-test-report-3.0.xsd" version="3.0" name="com.altius.automation.TestAutomation" time="17.004" tests="9" errors="0" skipped="0" failures="1">
  <properties>
[...]
</properties>
  <testcase name="Crminfo_Add" classname="com.altius.automation.TestAutomation" time="2.289"/>
  <testcase name="Crminfo_Add_meal" classname="com.altius.automation.TestAutomation" time="0.882"/>
  <testcase name="Login_invalid" classname="com.altius.automation.TestAutomation" time="0.795"/>
  <testcase name="Login_valid" classname="com.altius.automation.TestAutomation" time="2.377"/>
  <testcase name="New_view_control" classname="com.altius.automation.TestAutomation" time="0.217"/>
  <testcase name="New_view_control_view" classname="com.altius.automation.TestAutomation" time="0.219"/>
  <testcase name="boundary_valus" classname="com.altius.automation.TestAutomation" time="0.021">
    <failure message="no such element: Unable to locate element: {&quot;method&quot;:&quot;id&quot;,&quot;selector&quot;:&quot;kitchen_user_user_name&quot;}&#10;  (Session info: chrome=71.0.3578.98)&#10;  (Driver info: chromedriver=2.45.615291 (ec3682e3c9061c10f26ea9e5cdcf3c53f3f74387),platform=Windows NT 10.0.17134 x86_64) (WARNING: The server did not provide any stacktrace information)&#10;For documentation on this error, please visit: http://seleniumhq.org/exceptions/no_such_element.html&#10;Build info: version: &apos;2.5.0&apos;, revision: &apos;13548&apos;, time: &apos;2011-08-24 13:44:31&apos;&#10;System info: os.name: &apos;Windows 10&apos;, os.arch: &apos;amd64&apos;, os.version: &apos;10.0&apos;, java.version: &apos;1.8.0_144&apos;&#10;Driver info: driver.version: RemoteWebDriver" type="org.openqa.selenium.NoSuchElementException">org.openqa.selenium.NoSuchElementException: 
no such element: Unable to locate element: {"method":"id","selector":"kitchen_user_user_name"}
  (Session info: chrome=71.0.3578.98)
  (Driver info: chromedriver=2.45.615291 (ec3682e3c9061c10f26ea9e5cdcf3c53f3f74387),platform=Windows NT 10.0.17134 x86_64) (WARNING: The server did not provide any stacktrace information)
For documentation on this error, please visit: http://seleniumhq.org/exceptions/no_such_element.html
Build info: version: '2.5.0', revision: '13548', time: '2011-08-24 13:44:31'
System info: os.name: 'Windows 10', os.arch: 'amd64', os.version: '10.0', java.version: '1.8.0_144'
Driver info: driver.version: RemoteWebDriver
	at com.altius.automation.TestAutomation.boundary_valus(TestAutomation.java:204)
</failure>
  </testcase>
  <testcase name="individual_enrollment" classname="com.altius.automation.TestAutomation" time="1.135"/>
  <testcase name="view_control" classname="com.altius.automation.TestAutomation" time="1.059"/>
</testsuite>