<?xml version="1.0" encoding="UTF-8"?>
<testng-results skipped="0" failed="0" ignored="0" total="2" passed="2">
  <reporter-output>
  </reporter-output>
  <suite name="Default suite" duration-ms="26933" started-at="2019-01-10T10:34:46Z" finished-at="2019-01-10T10:35:13Z">
    <groups>
    </groups>
    <test name="Default test" duration-ms="26933" started-at="2019-01-10T10:34:46Z" finished-at="2019-01-10T10:35:13Z">
      <class name="com.altius.automation.TestAutomation">
        <test-method status="PASS" signature="beforeTest()[pri:0, instance:com.altius.automation.TestAutomation@724af044]" name="beforeTest" is-config="true" duration-ms="9314" started-at="2019-01-10T10:34:46Z" finished-at="2019-01-10T10:34:55Z">
          <reporter-output>
          </reporter-output>
        </test-method> <!-- beforeTest -->
        <test-method status="PASS" signature="search()[pri:1, instance:com.altius.automation.TestAutomation@724af044]" name="search" duration-ms="6586" started-at="2019-01-10T10:34:55Z" finished-at="2019-01-10T10:35:02Z">
          <reporter-output>
          </reporter-output>
        </test-method> <!-- search -->
        <test-method status="PASS" signature="select()[pri:2, instance:com.altius.automation.TestAutomation@724af044]" name="select" duration-ms="9925" started-at="2019-01-10T10:35:02Z" finished-at="2019-01-10T10:35:12Z">
          <reporter-output>
          </reporter-output>
        </test-method> <!-- select -->
        <test-method status="PASS" signature="afterTest()[pri:0, instance:com.altius.automation.TestAutomation@724af044]" name="afterTest" is-config="true" duration-ms="1075" started-at="2019-01-10T10:35:12Z" finished-at="2019-01-10T10:35:13Z">
          <reporter-output>
          </reporter-output>
        </test-method> <!-- afterTest -->
      </class> <!-- com.altius.automation.TestAutomation -->
    </test> <!-- Default test -->
  </suite> <!-- Default suite -->
</testng-results>
