<?xml version="1.0" encoding="UTF-8"?>
<!-- Generated by org.testng.reporters.JUnitXMLReporter -->
<testsuite hostname="ADMINRG-5TR1J4C" ignored="0" name="TestSample" tests="9" failures="0" timestamp="07 Jan 2019 09:43:10 GMT" time="3.684" errors="0">
  <testcase name="@BeforeTest beforeTest" time="3.613" classname="com.altius.automation.TestAutomation">
    <failure type="java.lang.NullPointerException">
      <![CDATA[java.lang.NullPointerException
at com.altius.automation.TestAutomation.beforeTest(TestAutomation.java:1567)
... Removed 24 stack frames]]>
    </failure>
  </testcase> <!-- @BeforeTest beforeTest -->
  <testcase name="@AfterTest afterTest" time="0.0" classname="com.altius.automation.TestAutomation">
    <skipped/>
  </testcase> <!-- @AfterTest afterTest -->
  <testcase name="Crminfo_Add" time="0.0" classname="com.altius.automation.TestAutomation">
    <skipped/>
  </testcase> <!-- Crminfo_Add -->
  <testcase name="Crminfo_Add_meal" time="0.0" classname="com.altius.automation.TestAutomation">
    <skipped/>
  </testcase> <!-- Crminfo_Add_meal -->
  <testcase name="Login_invalid" time="0.0" classname="com.altius.automation.TestAutomation">
    <skipped/>
  </testcase> <!-- Login_invalid -->
  <testcase name="Login_valid" time="0.0" classname="com.altius.automation.TestAutomation">
    <skipped/>
  </testcase> <!-- Login_valid -->
  <testcase name="New_view_control" time="0.0" classname="com.altius.automation.TestAutomation">
    <skipped/>
  </testcase> <!-- New_view_control -->
  <testcase name="New_view_control_view" time="0.0" classname="com.altius.automation.TestAutomation">
    <skipped/>
  </testcase> <!-- New_view_control_view -->
  <testcase name="boundary_valus" time="0.0" classname="com.altius.automation.TestAutomation">
    <skipped/>
  </testcase> <!-- boundary_valus -->
  <testcase name="individual_enrollment" time="0.0" classname="com.altius.automation.TestAutomation">
    <skipped/>
  </testcase> <!-- individual_enrollment -->
  <testcase name="view_control" time="0.0" classname="com.altius.automation.TestAutomation">
    <skipped/>
  </testcase> <!-- view_control -->
</testsuite> <!-- TestSample -->
